/*C4*/SET SCHEMA PUBLIC
DISCONNECT
/*C5*/SET SCHEMA PUBLIC
alter table Cliente add column identificacion varchar(10)
INSERT INTO CLIENTE VALUES(1,'Kevin C\u00e1rdenas',15465,NULL,'Pichincha',NULL,'Quito','Av. Par\u00eds',NULL,'Av. Rio Coca','0977777778','0000000001')
COMMIT
INSERT INTO CLIENTE VALUES(2,'Willy Pepinos',65465,NULL,'Pichincha',NULL,'Quito','quito',NULL,'quito','0988452266','0000000002')
COMMIT
INSERT INTO CLIENTE VALUES(3,'Kevin Fajardo',24154,NULL,'Guayas',NULL,'Guayaquil','Guayaquil',NULL,'Guayaquil','0956465484','0000000035')
COMMIT
INSERT INTO DOCUMENTOCOMERCIAL VALUES('Pedido','40286b818d09bccf018d09c196930000',2024,'2024-01-14',1,'',1,NULL,124.97,0.00,NULL)
INSERT INTO DOCUMENTOCOMERCIAL_DETALLES VALUES('40286b818d09bccf018d09c196930000',2,3,10.00)
INSERT INTO DOCUMENTOCOMERCIAL_DETALLES VALUES('40286b818d09bccf018d09c196930000',3,5,34.99)
COMMIT
INSERT INTO DOCUMENTOCOMERCIAL VALUES('Factura','40286b818d09bccf018d09c1e2a70001',2024,'2024-01-14',2,'',2,NULL,0.00,0.00,12)
INSERT INTO DOCUMENTOCOMERCIAL_DETALLES VALUES('40286b818d09bccf018d09c1e2a70001',0,5,34.99)
INSERT INTO DOCUMENTOCOMERCIAL_DETALLES VALUES('40286b818d09bccf018d09c1e2a70001',0,6,19.99)
COMMIT
DELETE FROM DOCUMENTOCOMERCIAL WHERE OID='40286b818d09bccf018d09c196930000'
INSERT INTO DOCUMENTOCOMERCIAL VALUES('Pedido','40286b818d09bccf018d09c196930000',2024,'2024-01-14',1,'',1,NULL,139.97,15.00,12)
DELETE FROM DOCUMENTOCOMERCIAL_DETALLES WHERE DOCUMENTOCOMERCIAL_OID='40286b818d09bccf018d09c196930000' AND CANTIDAD=2 AND PRODUCTO_NUMERO=3 AND PRECIOPORUNIDAD=10.00
DELETE FROM DOCUMENTOCOMERCIAL_DETALLES WHERE DOCUMENTOCOMERCIAL_OID='40286b818d09bccf018d09c196930000' AND CANTIDAD=3 AND PRODUCTO_NUMERO=5 AND PRECIOPORUNIDAD=34.99
INSERT INTO DOCUMENTOCOMERCIAL_DETALLES VALUES('40286b818d09bccf018d09c196930000',2,3,10.00)
INSERT INTO DOCUMENTOCOMERCIAL_DETALLES VALUES('40286b818d09bccf018d09c196930000',3,5,34.99)
COMMIT
DELETE FROM DOCUMENTOCOMERCIAL WHERE OID='40286b818d09bccf018d09c1e2a70001'
INSERT INTO DOCUMENTOCOMERCIAL VALUES('Factura','40286b818d09bccf018d09c1e2a70001',2024,'2024-01-14',2,'',2,NULL,391.89,41.99,12)
COMMIT
DELETE FROM DOCUMENTOCOMERCIAL WHERE OID='40286b818d09bccf018d09c1e2a70001'
INSERT INTO DOCUMENTOCOMERCIAL VALUES('Factura','40286b818d09bccf018d09c1e2a70001',2024,'2024-01-14',2,'',2,NULL,414.28,44.39,12)
COMMIT
DELETE FROM DOCUMENTOCOMERCIAL WHERE OID='40286b818d09bccf018d09c1e2a70001'
INSERT INTO DOCUMENTOCOMERCIAL VALUES('Factura','40286b818d09bccf018d09c1e2a70001',2024,'2024-01-14',2,'',2,NULL,61.58,6.60,12)
COMMIT
DELETE FROM DOCUMENTOCOMERCIAL_DETALLES WHERE DOCUMENTOCOMERCIAL_OID='40286b818d09bccf018d09c1e2a70001' AND CANTIDAD=0 AND PRODUCTO_NUMERO=5 AND PRECIOPORUNIDAD=34.99
DELETE FROM DOCUMENTOCOMERCIAL_DETALLES WHERE DOCUMENTOCOMERCIAL_OID='40286b818d09bccf018d09c1e2a70001' AND CANTIDAD=0 AND PRODUCTO_NUMERO=6 AND PRECIOPORUNIDAD=19.99
INSERT INTO DOCUMENTOCOMERCIAL_DETALLES VALUES('40286b818d09bccf018d09c1e2a70001',1,5,34.99)
INSERT INTO DOCUMENTOCOMERCIAL_DETALLES VALUES('40286b818d09bccf018d09c1e2a70001',1,6,19.99)
COMMIT
INSERT INTO DOCUMENTOCOMERCIAL VALUES('Factura','40286b818d09bccf018d09c3cfc90002',2024,'2024-01-14',3,'',2,NULL,22.40,2.40,12)
INSERT INTO DOCUMENTOCOMERCIAL_DETALLES VALUES('40286b818d09bccf018d09c3cfc90002',1,7,20.00)
COMMIT
INSERT INTO DOCUMENTOCOMERCIAL VALUES('Factura','40286b818d09bccf018d09c44d830003',2024,'2024-01-14',4,'',3,NULL,111.99,12.00,12)
INSERT INTO DOCUMENTOCOMERCIAL_DETALLES VALUES('40286b818d09bccf018d09c44d830003',1,1,10.00)
INSERT INTO DOCUMENTOCOMERCIAL_DETALLES VALUES('40286b818d09bccf018d09c44d830003',1,7,20.00)
INSERT INTO DOCUMENTOCOMERCIAL_DETALLES VALUES('40286b818d09bccf018d09c44d830003',1,9,59.99)
INSERT INTO DOCUMENTOCOMERCIAL_DETALLES VALUES('40286b818d09bccf018d09c44d830003',1,4,10.00)
INSERT INTO DOCUMENTOCOMERCIAL_DETALLES VALUES('40286b818d09bccf018d09c44d830003',1,10,NULL)
INSERT INTO DOCUMENTOCOMERCIAL_DETALLES VALUES('40286b818d09bccf018d09c44d830003',1,NULL,NULL)
COMMIT
INSERT INTO DOCUMENTOCOMERCIAL VALUES('Factura','40286b818d09bccf018d09c477720004',2024,'2024-01-14',5,'',1,NULL,39.19,4.20,12)
INSERT INTO DOCUMENTOCOMERCIAL_DETALLES VALUES('40286b818d09bccf018d09c477720004',1,5,34.99)
COMMIT
INSERT INTO DOCUMENTOCOMERCIAL VALUES('Factura','40286b818d09bccf018d09c49d890005',2024,'2024-01-14',6,'',1,NULL,11.20,1.20,12)
INSERT INTO DOCUMENTOCOMERCIAL_DETALLES VALUES('40286b818d09bccf018d09c49d890005',1,3,10.00)
COMMIT
INSERT INTO DOCUMENTOCOMERCIAL VALUES('Factura','40286b818d09bccf018d09c4cec10006',2024,'2024-01-14',7,'',2,NULL,11.20,1.20,12)
INSERT INTO DOCUMENTOCOMERCIAL_DETALLES VALUES('40286b818d09bccf018d09c4cec10006',1,1,10.00)
COMMIT
